<?xml version="1.0" encoding="UTF-8"?>
<coverage generated="1759338294998" clover="3.2.0">
  <project timestamp="1759338294998" name="All files">
    <metrics statements="48" coveredstatements="48" conditionals="22" coveredconditionals="19" methods="15" coveredmethods="15" elements="85" coveredelements="82" complexity="0" loc="48" ncloc="48" packages="1" files="4" classes="4"/>
    <file name="app-footer.ts" path="C:\Users\sebas\OneDrive\Desktop\frontFalabella\front-falabella\src\components\app-footer.ts">
      <metrics statements="5" coveredstatements="5" conditionals="0" coveredconditionals="0" methods="1" coveredmethods="1"/>
      <line num="3" count="1" type="stmt"/>
      <line num="4" count="1" type="stmt"/>
      <line num="5" count="1" type="stmt"/>
      <line num="6" count="1" type="stmt"/>
      <line num="27" count="1" type="stmt"/>
    </file>
    <file name="app-header.ts" path="C:\Users\sebas\OneDrive\Desktop\frontFalabella\front-falabella\src\components\app-header.ts">
      <metrics statements="9" coveredstatements="9" conditionals="2" coveredconditionals="2" methods="5" coveredmethods="5"/>
      <line num="2" count="1" type="stmt"/>
      <line num="5" count="3" type="cond" truecount="2" falsecount="0"/>
      <line num="9" count="2" type="stmt"/>
      <line num="10" count="2" type="stmt"/>
      <line num="11" count="2" type="stmt"/>
      <line num="15" count="1" type="stmt"/>
      <line num="19" count="3" type="stmt"/>
      <line num="56" count="3" type="stmt"/>
      <line num="72" count="1" type="stmt"/>
    </file>
    <file name="search-input.ts" path="C:\Users\sebas\OneDrive\Desktop\frontFalabella\front-falabella\src\components\search-input.ts">
      <metrics statements="14" coveredstatements="14" conditionals="4" coveredconditionals="3" methods="4" coveredmethods="4"/>
      <line num="6" count="3" type="stmt"/>
      <line num="7" count="3" type="stmt"/>
      <line num="8" count="3" type="stmt"/>
      <line num="50" count="3" type="stmt"/>
      <line num="51" count="3" type="stmt"/>
      <line num="52" count="3" type="stmt"/>
      <line num="54" count="3" type="stmt"/>
      <line num="55" count="2" type="stmt"/>
      <line num="56" count="2" type="stmt"/>
      <line num="57" count="2" type="cond" truecount="2" falsecount="0"/>
      <line num="58" count="1" type="stmt"/>
      <line num="67" count="2" type="cond" truecount="1" falsecount="1"/>
      <line num="68" count="2" type="stmt"/>
      <line num="72" count="1" type="stmt"/>
    </file>
    <file name="user-card.ts" path="C:\Users\sebas\OneDrive\Desktop\frontFalabella\front-falabella\src\components\user-card.ts">
      <metrics statements="20" coveredstatements="20" conditionals="16" coveredconditionals="14" methods="5" coveredmethods="5"/>
      <line num="12" count="5" type="stmt"/>
      <line num="13" count="5" type="stmt"/>
      <line num="14" count="5" type="stmt"/>
      <line num="17" count="5" type="stmt"/>
      <line num="18" count="5" type="stmt"/>
      <line num="19" count="5" type="stmt"/>
      <line num="22" count="1" type="stmt"/>
      <line num="23" count="2" type="cond" truecount="1" falsecount="1"/>
      <line num="24" count="1" type="stmt"/>
      <line num="27" count="9" type="stmt"/>
      <line num="47" count="9" type="stmt"/>
      <line num="49" count="9" type="cond" truecount="2" falsecount="0"/>
      <line num="50" count="1" type="stmt"/>
      <line num="59" count="9" type="cond" truecount="2" falsecount="0"/>
      <line num="60" count="1" type="cond" truecount="1" falsecount="1"/>
      <line num="63" count="9" type="cond" truecount="4" falsecount="0"/>
      <line num="64" count="2" type="stmt"/>
      <line num="65" count="2" type="stmt"/>
      <line num="79" count="9" type="stmt"/>
      <line num="83" count="1" type="stmt"/>
    </file>
  </project>
</coverage>
