{"C:\\Users\\sebas\\OneDrive\\Desktop\\frontFalabella\\front-falabella\\src\\counter.ts": {"path":"C:\\Users\\sebas\\OneDrive\\Desktop\\frontFalabella\\front-falabella\\src\\counter.ts","statementMap":{"0":{"start":{"line":2,"column":16},"end":{"line":2,"column":17}},"1":{"start":{"line":3,"column":21},"end":{"line":6,"column":3}},"2":{"start":{"line":4,"column":4},"end":{"line":4,"column":19}},"3":{"start":{"line":5,"column":4},"end":{"line":5,"column":45}},"4":{"start":{"line":7,"column":2},"end":{"line":7,"column":66}},"5":{"start":{"line":7,"column":42},"end":{"line":7,"column":65}},"6":{"start":{"line":8,"column":2},"end":{"line":8,"column":15}}},"fnMap":{"0":{"name":"setupCounter","decl":{"start":{"line":1,"column":16},"end":{"line":1,"column":28}},"loc":{"start":{"line":1,"column":57},"end":{"line":9,"column":1}},"line":1},"1":{"name":"(anonymous_1)","decl":{"start":{"line":3,"column":21},"end":{"line":3,"column":22}},"loc":{"start":{"line":3,"column":40},"end":{"line":6,"column":3}},"line":3},"2":{"name":"(anonymous_2)","decl":{"start":{"line":7,"column":36},"end":{"line":7,"column":37}},"loc":{"start":{"line":7,"column":42},"end":{"line":7,"column":65}},"line":7}},"branchMap":{},"s":{"0":0,"1":0,"2":0,"3":0,"4":0,"5":0,"6":0},"f":{"0":0,"1":0,"2":0},"b":{}}
,"C:\\Users\\sebas\\OneDrive\\Desktop\\frontFalabella\\front-falabella\\src\\components\\app-footer.ts": {"path":"C:\\Users\\sebas\\OneDrive\\Desktop\\frontFalabella\\front-falabella\\src\\components\\app-footer.ts","statementMap":{"0":{"start":{"line":3,"column":4},"end":{"line":3,"column":12}},"1":{"start":{"line":4,"column":4},"end":{"line":4,"column":40}},"2":{"start":{"line":5,"column":17},"end":{"line":5,"column":41}},"3":{"start":{"line":6,"column":4},"end":{"line":24,"column":6}},"4":{"start":{"line":27,"column":0},"end":{"line":27,"column":47}}},"fnMap":{"0":{"name":"(anonymous_0)","decl":{"start":{"line":2,"column":2},"end":{"line":2,"column":3}},"loc":{"start":{"line":2,"column":16},"end":{"line":25,"column":3}},"line":2}},"branchMap":{},"s":{"0":0,"1":0,"2":0,"3":0,"4":0},"f":{"0":0},"b":{}}
,"C:\\Users\\sebas\\OneDrive\\Desktop\\frontFalabella\\front-falabella\\src\\components\\app-header.ts": {"path":"C:\\Users\\sebas\\OneDrive\\Desktop\\frontFalabella\\front-falabella\\src\\components\\app-header.ts","statementMap":{"0":{"start":{"line":2,"column":36},"end":{"line":2,"column":53}},"1":{"start":{"line":5,"column":4},"end":{"line":5,"column":59}},"2":{"start":{"line":9,"column":4},"end":{"line":9,"column":12}},"3":{"start":{"line":10,"column":4},"end":{"line":10,"column":40}},"4":{"start":{"line":11,"column":4},"end":{"line":11,"column":18}},"5":{"start":{"line":15,"column":4},"end":{"line":15,"column":18}},"6":{"start":{"line":19,"column":16},"end":{"line":54,"column":5}},"7":{"start":{"line":56,"column":4},"end":{"line":68,"column":6}},"8":{"start":{"line":72,"column":0},"end":{"line":72,"column":47}}},"fnMap":{"0":{"name":"(anonymous_0)","decl":{"start":{"line":2,"column":2},"end":{"line":2,"column":3}},"loc":{"start":{"line":2,"column":34},"end":{"line":2,"column":55}},"line":2},"1":{"name":"(anonymous_1)","decl":{"start":{"line":4,"column":2},"end":{"line":4,"column":3}},"loc":{"start":{"line":4,"column":28},"end":{"line":6,"column":3}},"line":4},"2":{"name":"(anonymous_2)","decl":{"start":{"line":8,"column":2},"end":{"line":8,"column":3}},"loc":{"start":{"line":8,"column":16},"end":{"line":12,"column":3}},"line":8},"3":{"name":"(anonymous_3)","decl":{"start":{"line":14,"column":2},"end":{"line":14,"column":3}},"loc":{"start":{"line":14,"column":29},"end":{"line":16,"column":3}},"line":14},"4":{"name":"(anonymous_4)","decl":{"start":{"line":18,"column":2},"end":{"line":18,"column":3}},"loc":{"start":{"line":18,"column":19},"end":{"line":69,"column":3}},"line":18}},"branchMap":{"0":{"loc":{"start":{"line":5,"column":11},"end":{"line":5,"column":58}},"type":"binary-expr","locations":[{"start":{"line":5,"column":11},"end":{"line":5,"column":37}},{"start":{"line":5,"column":41},"end":{"line":5,"column":58}}],"line":5}},"s":{"0":0,"1":0,"2":0,"3":0,"4":0,"5":0,"6":0,"7":0,"8":0},"f":{"0":0,"1":0,"2":0,"3":0,"4":0},"b":{"0":[0,0]}}
,"C:\\Users\\sebas\\OneDrive\\Desktop\\frontFalabella\\front-falabella\\src\\components\\search-input.ts": {"path":"C:\\Users\\sebas\\OneDrive\\Desktop\\frontFalabella\\front-falabella\\src\\components\\search-input.ts","statementMap":{"0":{"start":{"line":6,"column":4},"end":{"line":6,"column":12}},"1":{"start":{"line":7,"column":17},"end":{"line":7,"column":52}},"2":{"start":{"line":8,"column":4},"end":{"line":46,"column":6}},"3":{"start":{"line":50,"column":17},"end":{"line":50,"column":74}},"4":{"start":{"line":51,"column":4},"end":{"line":51,"column":46}},"5":{"start":{"line":52,"column":4},"end":{"line":52,"column":48}},"6":{"start":{"line":54,"column":4},"end":{"line":62,"column":7}},"7":{"start":{"line":55,"column":6},"end":{"line":55,"column":25}},"8":{"start":{"line":56,"column":23},"end":{"line":56,"column":46}},"9":{"start":{"line":57,"column":6},"end":{"line":57,"column":28}},"10":{"start":{"line":57,"column":21},"end":{"line":57,"column":28}},"11":{"start":{"line":58,"column":6},"end":{"line":61,"column":10}},"12":{"start":{"line":67,"column":4},"end":{"line":67,"column":29}},"13":{"start":{"line":67,"column":22},"end":{"line":67,"column":29}},"14":{"start":{"line":68,"column":4},"end":{"line":68,"column":29}},"15":{"start":{"line":72,"column":0},"end":{"line":72,"column":51}}},"fnMap":{"0":{"name":"(anonymous_0)","decl":{"start":{"line":5,"column":2},"end":{"line":5,"column":3}},"loc":{"start":{"line":5,"column":16},"end":{"line":47,"column":3}},"line":5},"1":{"name":"(anonymous_1)","decl":{"start":{"line":49,"column":2},"end":{"line":49,"column":3}},"loc":{"start":{"line":49,"column":22},"end":{"line":63,"column":3}},"line":49},"2":{"name":"(anonymous_2)","decl":{"start":{"line":54,"column":36},"end":{"line":54,"column":37}},"loc":{"start":{"line":54,"column":43},"end":{"line":62,"column":5}},"line":54},"3":{"name":"(anonymous_3)","decl":{"start":{"line":66,"column":2},"end":{"line":66,"column":3}},"loc":{"start":{"line":66,"column":26},"end":{"line":69,"column":3}},"line":66}},"branchMap":{"0":{"loc":{"start":{"line":57,"column":6},"end":{"line":57,"column":28}},"type":"if","locations":[{"start":{"line":57,"column":6},"end":{"line":57,"column":28}},{"start":{},"end":{}}],"line":57},"1":{"loc":{"start":{"line":67,"column":4},"end":{"line":67,"column":29}},"type":"if","locations":[{"start":{"line":67,"column":4},"end":{"line":67,"column":29}},{"start":{},"end":{}}],"line":67}},"s":{"0":0,"1":0,"2":0,"3":0,"4":0,"5":0,"6":0,"7":0,"8":0,"9":0,"10":0,"11":0,"12":0,"13":0,"14":0,"15":0},"f":{"0":0,"1":0,"2":0,"3":0},"b":{"0":[0,0],"1":[0,0]}}
,"C:\\Users\\sebas\\OneDrive\\Desktop\\frontFalabella\\front-falabella\\src\\components\\user-card.ts": {"path":"C:\\Users\\sebas\\OneDrive\\Desktop\\frontFalabella\\front-falabella\\src\\components\\user-card.ts","statementMap":{"0":{"start":{"line":12,"column":30},"end":{"line":12,"column":36}},"1":{"start":{"line":13,"column":19},"end":{"line":13,"column":21}},"2":{"start":{"line":14,"column":37},"end":{"line":14,"column":41}},"3":{"start":{"line":17,"column":4},"end":{"line":17,"column":12}},"4":{"start":{"line":18,"column":4},"end":{"line":18,"column":40}},"5":{"start":{"line":19,"column":4},"end":{"line":19,"column":18}},"6":{"start":{"line":22,"column":28},"end":{"line":22,"column":44}},"7":{"start":{"line":22,"column":45},"end":{"line":22,"column":59}},"8":{"start":{"line":23,"column":35},"end":{"line":23,"column":53}},"9":{"start":{"line":23,"column":54},"end":{"line":23,"column":89}},"10":{"start":{"line":23,"column":90},"end":{"line":23,"column":104}},"11":{"start":{"line":24,"column":34},"end":{"line":24,"column":52}},"12":{"start":{"line":24,"column":53},"end":{"line":24,"column":75}},"13":{"start":{"line":24,"column":76},"end":{"line":24,"column":90}},"14":{"start":{"line":27,"column":16},"end":{"line":45,"column":5}},"15":{"start":{"line":47,"column":18},"end":{"line":47,"column":20}},"16":{"start":{"line":49,"column":4},"end":{"line":57,"column":5}},"17":{"start":{"line":50,"column":6},"end":{"line":56,"column":16}},"18":{"start":{"line":59,"column":4},"end":{"line":61,"column":5}},"19":{"start":{"line":60,"column":6},"end":{"line":60,"column":127}},"20":{"start":{"line":63,"column":4},"end":{"line":77,"column":5}},"21":{"start":{"line":64,"column":16},"end":{"line":64,"column":29}},"22":{"start":{"line":65,"column":6},"end":{"line":76,"column":20}},"23":{"start":{"line":79,"column":4},"end":{"line":79,"column":91}},"24":{"start":{"line":83,"column":0},"end":{"line":83,"column":45}}},"fnMap":{"0":{"name":"(anonymous_0)","decl":{"start":{"line":16,"column":2},"end":{"line":16,"column":3}},"loc":{"start":{"line":16,"column":16},"end":{"line":20,"column":3}},"line":16},"1":{"name":"(anonymous_1)","decl":{"start":{"line":22,"column":2},"end":{"line":22,"column":3}},"loc":{"start":{"line":22,"column":26},"end":{"line":22,"column":61}},"line":22},"2":{"name":"(anonymous_2)","decl":{"start":{"line":23,"column":2},"end":{"line":23,"column":3}},"loc":{"start":{"line":23,"column":33},"end":{"line":23,"column":106}},"line":23},"3":{"name":"(anonymous_3)","decl":{"start":{"line":24,"column":2},"end":{"line":24,"column":3}},"loc":{"start":{"line":24,"column":32},"end":{"line":24,"column":92}},"line":24},"4":{"name":"(anonymous_4)","decl":{"start":{"line":26,"column":2},"end":{"line":26,"column":3}},"loc":{"start":{"line":26,"column":19},"end":{"line":80,"column":3}},"line":26}},"branchMap":{"0":{"loc":{"start":{"line":23,"column":68},"end":{"line":23,"column":88}},"type":"cond-expr","locations":[{"start":{"line":23,"column":72},"end":{"line":23,"column":79}},{"start":{"line":23,"column":82},"end":{"line":23,"column":88}}],"line":23},"1":{"loc":{"start":{"line":49,"column":4},"end":{"line":57,"column":5}},"type":"if","locations":[{"start":{"line":49,"column":4},"end":{"line":57,"column":5}},{"start":{},"end":{}}],"line":49},"2":{"loc":{"start":{"line":59,"column":4},"end":{"line":61,"column":5}},"type":"if","locations":[{"start":{"line":59,"column":4},"end":{"line":61,"column":5}},{"start":{},"end":{}}],"line":59},"3":{"loc":{"start":{"line":60,"column":80},"end":{"line":60,"column":118}},"type":"binary-expr","locations":[{"start":{"line":60,"column":80},"end":{"line":60,"column":91}},{"start":{"line":60,"column":95},"end":{"line":60,"column":118}}],"line":60},"4":{"loc":{"start":{"line":63,"column":4},"end":{"line":77,"column":5}},"type":"if","locations":[{"start":{"line":63,"column":4},"end":{"line":77,"column":5}},{"start":{},"end":{}}],"line":63},"5":{"loc":{"start":{"line":63,"column":8},"end":{"line":63,"column":48}},"type":"binary-expr","locations":[{"start":{"line":63,"column":8},"end":{"line":63,"column":31}},{"start":{"line":63,"column":35},"end":{"line":63,"column":48}}],"line":63},"6":{"loc":{"start":{"line":70,"column":20},"end":{"line":70,"column":44}},"type":"binary-expr","locations":[{"start":{"line":70,"column":20},"end":{"line":70,"column":26}},{"start":{"line":70,"column":30},"end":{"line":70,"column":44}}],"line":70},"7":{"loc":{"start":{"line":71,"column":19},"end":{"line":71,"column":30}},"type":"binary-expr","locations":[{"start":{"line":71,"column":19},"end":{"line":71,"column":24}},{"start":{"line":71,"column":28},"end":{"line":71,"column":30}}],"line":71}},"s":{"0":0,"1":0,"2":0,"3":0,"4":0,"5":0,"6":0,"7":0,"8":0,"9":0,"10":0,"11":0,"12":0,"13":0,"14":0,"15":0,"16":0,"17":0,"18":0,"19":0,"20":0,"21":0,"22":0,"23":0,"24":0},"f":{"0":0,"1":0,"2":0,"3":0,"4":0},"b":{"0":[0,0],"1":[0,0],"2":[0,0],"3":[0,0],"4":[0,0],"5":[0,0],"6":[0,0],"7":[0,0]}}
,"C:\\Users\\sebas\\OneDrive\\Desktop\\frontFalabella\\front-falabella\\src\\config\\config.ts": {"path":"C:\\Users\\sebas\\OneDrive\\Desktop\\frontFalabella\\front-falabella\\src\\config\\config.ts","statementMap":{"0":{"start":{"line":2,"column":16},"end":{"line":2,"column":37}},"1":{"start":{"line":3,"column":2},"end":{"line":5,"column":3}},"2":{"start":{"line":4,"column":4},"end":{"line":4,"column":65}},"3":{"start":{"line":6,"column":2},"end":{"line":6,"column":23}},"4":{"start":{"line":9,"column":22},"end":{"line":16,"column":10}},"5":{"start":{"line":12,"column":16},"end":{"line":12,"column":51}},"6":{"start":{"line":13,"column":14},"end":{"line":13,"column":38}},"7":{"start":{"line":14,"column":4},"end":{"line":14,"column":50}}},"fnMap":{"0":{"name":"requireEnv","decl":{"start":{"line":1,"column":9},"end":{"line":1,"column":19}},"loc":{"start":{"line":1,"column":68},"end":{"line":7,"column":1}},"line":1},"1":{"name":"(anonymous_1)","decl":{"start":{"line":11,"column":19},"end":{"line":11,"column":20}},"loc":{"start":{"line":11,"column":25},"end":{"line":15,"column":3}},"line":11}},"branchMap":{"0":{"loc":{"start":{"line":3,"column":2},"end":{"line":5,"column":3}},"type":"if","locations":[{"start":{"line":3,"column":2},"end":{"line":5,"column":3}},{"start":{},"end":{}}],"line":3},"1":{"loc":{"start":{"line":3,"column":6},"end":{"line":3,"column":43}},"type":"binary-expr","locations":[{"start":{"line":3,"column":6},"end":{"line":3,"column":12}},{"start":{"line":3,"column":16},"end":{"line":3,"column":43}}],"line":3},"2":{"loc":{"start":{"line":13,"column":14},"end":{"line":13,"column":38}},"type":"cond-expr","locations":[{"start":{"line":13,"column":20},"end":{"line":13,"column":31}},{"start":{"line":13,"column":34},"end":{"line":13,"column":38}}],"line":13},"3":{"loc":{"start":{"line":14,"column":11},"end":{"line":14,"column":49}},"type":"cond-expr","locations":[{"start":{"line":14,"column":41},"end":{"line":14,"column":42}},{"start":{"line":14,"column":45},"end":{"line":14,"column":49}}],"line":14},"4":{"loc":{"start":{"line":14,"column":11},"end":{"line":14,"column":38}},"type":"binary-expr","locations":[{"start":{"line":14,"column":11},"end":{"line":14,"column":29}},{"start":{"line":14,"column":33},"end":{"line":14,"column":38}}],"line":14}},"s":{"0":0,"1":0,"2":0,"3":0,"4":0,"5":0,"6":0,"7":0},"f":{"0":0,"1":0},"b":{"0":[0,0],"1":[0,0],"2":[0,0],"3":[0,0],"4":[0,0]}}
,"C:\\Users\\sebas\\OneDrive\\Desktop\\frontFalabella\\front-falabella\\src\\services\\githubApi.ts": {"path":"C:\\Users\\sebas\\OneDrive\\Desktop\\frontFalabella\\front-falabella\\src\\services\\githubApi.ts","statementMap":{"0":{"start":{"line":6,"column":26},"end":{"line":6,"column":61}},"1":{"start":{"line":9,"column":16},"end":{"line":9,"column":68}},"2":{"start":{"line":10,"column":4},"end":{"line":10,"column":76}},"3":{"start":{"line":15,"column":25},"end":{"line":15,"column":47}}},"fnMap":{"0":{"name":"(anonymous_0)","decl":{"start":{"line":8,"column":2},"end":{"line":8,"column":3}},"loc":{"start":{"line":8,"column":55},"end":{"line":11,"column":3}},"line":8}},"branchMap":{},"s":{"0":0,"1":0,"2":0,"3":0},"f":{"0":0},"b":{}}
,"C:\\Users\\sebas\\OneDrive\\Desktop\\frontFalabella\\front-falabella\\src\\utils\\fetchJson.ts": {"path":"C:\\Users\\sebas\\OneDrive\\Desktop\\frontFalabella\\front-falabella\\src\\utils\\fetchJson.ts","statementMap":{"0":{"start":{"line":5,"column":21},"end":{"line":5,"column":42}},"1":{"start":{"line":6,"column":16},"end":{"line":6,"column":77}},"2":{"start":{"line":6,"column":33},"end":{"line":6,"column":51}},"3":{"start":{"line":8,"column":2},"end":{"line":25,"column":3}},"4":{"start":{"line":9,"column":16},"end":{"line":16,"column":6}},"5":{"start":{"line":18,"column":4},"end":{"line":21,"column":5}},"6":{"start":{"line":19,"column":19},"end":{"line":19,"column":51}},"7":{"start":{"line":19,"column":48},"end":{"line":19,"column":50}},"8":{"start":{"line":20,"column":6},"end":{"line":20,"column":89}},"9":{"start":{"line":22,"column":4},"end":{"line":22,"column":35}},"10":{"start":{"line":24,"column":4},"end":{"line":24,"column":24}}},"fnMap":{"0":{"name":"fetchJson","decl":{"start":{"line":1,"column":22},"end":{"line":1,"column":31}},"loc":{"start":{"line":4,"column":14},"end":{"line":26,"column":1}},"line":4},"1":{"name":"(anonymous_1)","decl":{"start":{"line":6,"column":27},"end":{"line":6,"column":28}},"loc":{"start":{"line":6,"column":33},"end":{"line":6,"column":51}},"line":6},"2":{"name":"(anonymous_2)","decl":{"start":{"line":19,"column":42},"end":{"line":19,"column":43}},"loc":{"start":{"line":19,"column":48},"end":{"line":19,"column":50}},"line":19}},"branchMap":{"0":{"loc":{"start":{"line":6,"column":53},"end":{"line":6,"column":76}},"type":"binary-expr","locations":[{"start":{"line":6,"column":53},"end":{"line":6,"column":68}},{"start":{"line":6,"column":72},"end":{"line":6,"column":76}}],"line":6},"1":{"loc":{"start":{"line":14,"column":12},"end":{"line":14,"column":31}},"type":"binary-expr","locations":[{"start":{"line":14,"column":12},"end":{"line":14,"column":25}},{"start":{"line":14,"column":29},"end":{"line":14,"column":31}}],"line":14},"2":{"loc":{"start":{"line":18,"column":4},"end":{"line":21,"column":5}},"type":"if","locations":[{"start":{"line":18,"column":4},"end":{"line":21,"column":5}},{"start":{},"end":{}}],"line":18},"3":{"loc":{"start":{"line":20,"column":61},"end":{"line":20,"column":85}},"type":"cond-expr","locations":[{"start":{"line":20,"column":68},"end":{"line":20,"column":80}},{"start":{"line":20,"column":83},"end":{"line":20,"column":85}}],"line":20}},"s":{"0":0,"1":0,"2":0,"3":0,"4":0,"5":0,"6":0,"7":0,"8":0,"9":0,"10":0},"f":{"0":0,"1":0,"2":0},"b":{"0":[0,0],"1":[0,0],"2":[0,0],"3":[0,0]}}
}
