{"C:\\Users\\sebas\\OneDrive\\Desktop\\frontFalabella\\front-falabella\\src\\components\\app-footer.ts": {"path":"C:\\Users\\sebas\\OneDrive\\Desktop\\frontFalabella\\front-falabella\\src\\components\\app-footer.ts","statementMap":{"0":{"start":{"line":3,"column":4},"end":{"line":3,"column":12}},"1":{"start":{"line":4,"column":4},"end":{"line":4,"column":40}},"2":{"start":{"line":5,"column":17},"end":{"line":5,"column":41}},"3":{"start":{"line":6,"column":4},"end":{"line":24,"column":6}},"4":{"start":{"line":27,"column":0},"end":{"line":27,"column":47}}},"fnMap":{"0":{"name":"(anonymous_0)","decl":{"start":{"line":2,"column":2},"end":{"line":2,"column":3}},"loc":{"start":{"line":2,"column":16},"end":{"line":25,"column":3}},"line":2}},"branchMap":{},"s":{"0":1,"1":1,"2":1,"3":1,"4":1},"f":{"0":1},"b":{},"_coverageSchema":"1a1c01bbd47fc00a2c39e90264f33305004495a9","hash":"dcf369ec09732b6eaa4b9b908716b0831bce1248"}
,"C:\\Users\\sebas\\OneDrive\\Desktop\\frontFalabella\\front-falabella\\src\\components\\app-header.ts": {"path":"C:\\Users\\sebas\\OneDrive\\Desktop\\frontFalabella\\front-falabella\\src\\components\\app-header.ts","statementMap":{"0":{"start":{"line":2,"column":36},"end":{"line":2,"column":53}},"1":{"start":{"line":5,"column":4},"end":{"line":5,"column":59}},"2":{"start":{"line":9,"column":4},"end":{"line":9,"column":12}},"3":{"start":{"line":10,"column":4},"end":{"line":10,"column":40}},"4":{"start":{"line":11,"column":4},"end":{"line":11,"column":18}},"5":{"start":{"line":15,"column":4},"end":{"line":15,"column":18}},"6":{"start":{"line":19,"column":16},"end":{"line":54,"column":5}},"7":{"start":{"line":56,"column":4},"end":{"line":68,"column":6}},"8":{"start":{"line":72,"column":0},"end":{"line":72,"column":47}}},"fnMap":{"0":{"name":"(anonymous_0)","decl":{"start":{"line":2,"column":2},"end":{"line":2,"column":3}},"loc":{"start":{"line":2,"column":34},"end":{"line":2,"column":55}},"line":2},"1":{"name":"(anonymous_1)","decl":{"start":{"line":4,"column":2},"end":{"line":4,"column":3}},"loc":{"start":{"line":4,"column":28},"end":{"line":6,"column":3}},"line":4},"2":{"name":"(anonymous_2)","decl":{"start":{"line":8,"column":2},"end":{"line":8,"column":3}},"loc":{"start":{"line":8,"column":16},"end":{"line":12,"column":3}},"line":8},"3":{"name":"(anonymous_3)","decl":{"start":{"line":14,"column":2},"end":{"line":14,"column":3}},"loc":{"start":{"line":14,"column":29},"end":{"line":16,"column":3}},"line":14},"4":{"name":"(anonymous_4)","decl":{"start":{"line":18,"column":2},"end":{"line":18,"column":3}},"loc":{"start":{"line":18,"column":19},"end":{"line":69,"column":3}},"line":18}},"branchMap":{"0":{"loc":{"start":{"line":5,"column":11},"end":{"line":5,"column":58}},"type":"binary-expr","locations":[{"start":{"line":5,"column":11},"end":{"line":5,"column":37}},{"start":{"line":5,"column":41},"end":{"line":5,"column":58}}],"line":5}},"s":{"0":1,"1":3,"2":2,"3":2,"4":2,"5":1,"6":3,"7":3,"8":1},"f":{"0":1,"1":3,"2":2,"3":1,"4":3},"b":{"0":[3,1]},"_coverageSchema":"1a1c01bbd47fc00a2c39e90264f33305004495a9","hash":"399d2b2df0ce5aab8a3d21d1870517d322f3a080"}
,"C:\\Users\\sebas\\OneDrive\\Desktop\\frontFalabella\\front-falabella\\src\\components\\search-input.ts": {"path":"C:\\Users\\sebas\\OneDrive\\Desktop\\frontFalabella\\front-falabella\\src\\components\\search-input.ts","statementMap":{"0":{"start":{"line":6,"column":4},"end":{"line":6,"column":12}},"1":{"start":{"line":7,"column":17},"end":{"line":7,"column":52}},"2":{"start":{"line":8,"column":4},"end":{"line":46,"column":6}},"3":{"start":{"line":50,"column":17},"end":{"line":50,"column":74}},"4":{"start":{"line":51,"column":4},"end":{"line":51,"column":46}},"5":{"start":{"line":52,"column":4},"end":{"line":52,"column":48}},"6":{"start":{"line":54,"column":4},"end":{"line":62,"column":7}},"7":{"start":{"line":55,"column":6},"end":{"line":55,"column":25}},"8":{"start":{"line":56,"column":23},"end":{"line":56,"column":46}},"9":{"start":{"line":57,"column":6},"end":{"line":57,"column":28}},"10":{"start":{"line":57,"column":21},"end":{"line":57,"column":28}},"11":{"start":{"line":58,"column":6},"end":{"line":61,"column":10}},"12":{"start":{"line":67,"column":4},"end":{"line":67,"column":29}},"13":{"start":{"line":67,"column":22},"end":{"line":67,"column":29}},"14":{"start":{"line":68,"column":4},"end":{"line":68,"column":29}},"15":{"start":{"line":72,"column":0},"end":{"line":72,"column":51}}},"fnMap":{"0":{"name":"(anonymous_0)","decl":{"start":{"line":5,"column":2},"end":{"line":5,"column":3}},"loc":{"start":{"line":5,"column":16},"end":{"line":47,"column":3}},"line":5},"1":{"name":"(anonymous_1)","decl":{"start":{"line":49,"column":2},"end":{"line":49,"column":3}},"loc":{"start":{"line":49,"column":22},"end":{"line":63,"column":3}},"line":49},"2":{"name":"(anonymous_2)","decl":{"start":{"line":54,"column":36},"end":{"line":54,"column":37}},"loc":{"start":{"line":54,"column":43},"end":{"line":62,"column":5}},"line":54},"3":{"name":"(anonymous_3)","decl":{"start":{"line":66,"column":2},"end":{"line":66,"column":3}},"loc":{"start":{"line":66,"column":26},"end":{"line":69,"column":3}},"line":66}},"branchMap":{"0":{"loc":{"start":{"line":57,"column":6},"end":{"line":57,"column":28}},"type":"if","locations":[{"start":{"line":57,"column":6},"end":{"line":57,"column":28}},{"start":{},"end":{}}],"line":57},"1":{"loc":{"start":{"line":67,"column":4},"end":{"line":67,"column":29}},"type":"if","locations":[{"start":{"line":67,"column":4},"end":{"line":67,"column":29}},{"start":{},"end":{}}],"line":67}},"s":{"0":3,"1":3,"2":3,"3":3,"4":3,"5":3,"6":3,"7":2,"8":2,"9":2,"10":1,"11":1,"12":2,"13":0,"14":2,"15":1},"f":{"0":3,"1":3,"2":2,"3":2},"b":{"0":[1,1],"1":[0,2]},"_coverageSchema":"1a1c01bbd47fc00a2c39e90264f33305004495a9","hash":"302987107cd2551dab9daf1cc1c270de0fbd1c42"}
,"C:\\Users\\sebas\\OneDrive\\Desktop\\frontFalabella\\front-falabella\\src\\components\\user-card.ts": {"path":"C:\\Users\\sebas\\OneDrive\\Desktop\\frontFalabella\\front-falabella\\src\\components\\user-card.ts","statementMap":{"0":{"start":{"line":12,"column":30},"end":{"line":12,"column":36}},"1":{"start":{"line":13,"column":19},"end":{"line":13,"column":21}},"2":{"start":{"line":14,"column":37},"end":{"line":14,"column":41}},"3":{"start":{"line":17,"column":4},"end":{"line":17,"column":12}},"4":{"start":{"line":18,"column":4},"end":{"line":18,"column":40}},"5":{"start":{"line":19,"column":4},"end":{"line":19,"column":18}},"6":{"start":{"line":22,"column":28},"end":{"line":22,"column":44}},"7":{"start":{"line":22,"column":45},"end":{"line":22,"column":59}},"8":{"start":{"line":23,"column":35},"end":{"line":23,"column":53}},"9":{"start":{"line":23,"column":54},"end":{"line":23,"column":89}},"10":{"start":{"line":23,"column":90},"end":{"line":23,"column":104}},"11":{"start":{"line":24,"column":34},"end":{"line":24,"column":52}},"12":{"start":{"line":24,"column":53},"end":{"line":24,"column":75}},"13":{"start":{"line":24,"column":76},"end":{"line":24,"column":90}},"14":{"start":{"line":27,"column":16},"end":{"line":45,"column":5}},"15":{"start":{"line":47,"column":18},"end":{"line":47,"column":20}},"16":{"start":{"line":49,"column":4},"end":{"line":57,"column":5}},"17":{"start":{"line":50,"column":6},"end":{"line":56,"column":16}},"18":{"start":{"line":59,"column":4},"end":{"line":61,"column":5}},"19":{"start":{"line":60,"column":6},"end":{"line":60,"column":127}},"20":{"start":{"line":63,"column":4},"end":{"line":77,"column":5}},"21":{"start":{"line":64,"column":16},"end":{"line":64,"column":29}},"22":{"start":{"line":65,"column":6},"end":{"line":76,"column":20}},"23":{"start":{"line":79,"column":4},"end":{"line":79,"column":91}},"24":{"start":{"line":83,"column":0},"end":{"line":83,"column":45}}},"fnMap":{"0":{"name":"(anonymous_0)","decl":{"start":{"line":16,"column":2},"end":{"line":16,"column":3}},"loc":{"start":{"line":16,"column":16},"end":{"line":20,"column":3}},"line":16},"1":{"name":"(anonymous_1)","decl":{"start":{"line":22,"column":2},"end":{"line":22,"column":3}},"loc":{"start":{"line":22,"column":26},"end":{"line":22,"column":61}},"line":22},"2":{"name":"(anonymous_2)","decl":{"start":{"line":23,"column":2},"end":{"line":23,"column":3}},"loc":{"start":{"line":23,"column":33},"end":{"line":23,"column":106}},"line":23},"3":{"name":"(anonymous_3)","decl":{"start":{"line":24,"column":2},"end":{"line":24,"column":3}},"loc":{"start":{"line":24,"column":32},"end":{"line":24,"column":92}},"line":24},"4":{"name":"(anonymous_4)","decl":{"start":{"line":26,"column":2},"end":{"line":26,"column":3}},"loc":{"start":{"line":26,"column":19},"end":{"line":80,"column":3}},"line":26}},"branchMap":{"0":{"loc":{"start":{"line":23,"column":68},"end":{"line":23,"column":88}},"type":"cond-expr","locations":[{"start":{"line":23,"column":72},"end":{"line":23,"column":79}},{"start":{"line":23,"column":82},"end":{"line":23,"column":88}}],"line":23},"1":{"loc":{"start":{"line":49,"column":4},"end":{"line":57,"column":5}},"type":"if","locations":[{"start":{"line":49,"column":4},"end":{"line":57,"column":5}},{"start":{},"end":{}}],"line":49},"2":{"loc":{"start":{"line":59,"column":4},"end":{"line":61,"column":5}},"type":"if","locations":[{"start":{"line":59,"column":4},"end":{"line":61,"column":5}},{"start":{},"end":{}}],"line":59},"3":{"loc":{"start":{"line":60,"column":80},"end":{"line":60,"column":118}},"type":"binary-expr","locations":[{"start":{"line":60,"column":80},"end":{"line":60,"column":91}},{"start":{"line":60,"column":95},"end":{"line":60,"column":118}}],"line":60},"4":{"loc":{"start":{"line":63,"column":4},"end":{"line":77,"column":5}},"type":"if","locations":[{"start":{"line":63,"column":4},"end":{"line":77,"column":5}},{"start":{},"end":{}}],"line":63},"5":{"loc":{"start":{"line":63,"column":8},"end":{"line":63,"column":48}},"type":"binary-expr","locations":[{"start":{"line":63,"column":8},"end":{"line":63,"column":31}},{"start":{"line":63,"column":35},"end":{"line":63,"column":48}}],"line":63},"6":{"loc":{"start":{"line":70,"column":20},"end":{"line":70,"column":44}},"type":"binary-expr","locations":[{"start":{"line":70,"column":20},"end":{"line":70,"column":26}},{"start":{"line":70,"column":30},"end":{"line":70,"column":44}}],"line":70},"7":{"loc":{"start":{"line":71,"column":19},"end":{"line":71,"column":30}},"type":"binary-expr","locations":[{"start":{"line":71,"column":19},"end":{"line":71,"column":24}},{"start":{"line":71,"column":28},"end":{"line":71,"column":30}}],"line":71}},"s":{"0":5,"1":5,"2":5,"3":5,"4":5,"5":5,"6":1,"7":1,"8":2,"9":2,"10":2,"11":1,"12":1,"13":1,"14":9,"15":9,"16":9,"17":1,"18":9,"19":1,"20":9,"21":2,"22":2,"23":9,"24":1},"f":{"0":5,"1":1,"2":2,"3":1,"4":9},"b":{"0":[2,0],"1":[1,8],"2":[1,8],"3":[1,0],"4":[2,7],"5":[9,2],"6":[2,1],"7":[2,1]},"_coverageSchema":"1a1c01bbd47fc00a2c39e90264f33305004495a9","hash":"6c3a623c1f7afe8085cde92e0adc69e1c12e185e"}
}
