TN:
SF:src\components\app-footer.ts
FN:2,(anonymous_0)
FNF:1
FNH:1
FNDA:1,(anonymous_0)
DA:3,1
DA:4,1
DA:5,1
DA:6,1
DA:27,1
LF:5
LH:5
BRF:0
BRH:0
end_of_record
TN:
SF:src\components\app-header.ts
FN:2,(anonymous_0)
FN:4,(anonymous_1)
FN:8,(anonymous_2)
FN:14,(anonymous_3)
FN:18,(anonymous_4)
FNF:5
FNH:5
FNDA:1,(anonymous_0)
FNDA:3,(anonymous_1)
FNDA:2,(anonymous_2)
FNDA:1,(anonymous_3)
FNDA:3,(anonymous_4)
DA:2,1
DA:5,3
DA:9,2
DA:10,2
DA:11,2
DA:15,1
DA:19,3
DA:56,3
DA:72,1
LF:9
LH:9
BRDA:5,0,0,3
BRDA:5,0,1,1
BRF:2
BRH:2
end_of_record
TN:
SF:src\components\search-input.ts
FN:5,(anonymous_0)
FN:49,(anonymous_1)
FN:54,(anonymous_2)
FN:66,(anonymous_3)
FNF:4
FNH:4
FNDA:6,(anonymous_0)
FNDA:5,(anonymous_1)
FNDA:3,(anonymous_2)
FNDA:4,(anonymous_3)
DA:6,6
DA:7,6
DA:8,6
DA:50,5
DA:51,5
DA:52,5
DA:54,5
DA:55,3
DA:56,3
DA:57,3
DA:58,2
DA:67,4
DA:68,2
DA:72,1
LF:14
LH:14
BRDA:57,0,0,1
BRDA:57,0,1,2
BRDA:67,1,0,2
BRDA:67,1,1,2
BRF:4
BRH:4
end_of_record
TN:
SF:src\components\user-card.ts
FN:16,(anonymous_0)
FN:22,(anonymous_1)
FN:23,(anonymous_2)
FN:24,(anonymous_3)
FN:26,(anonymous_4)
FNF:5
FNH:5
FNDA:5,(anonymous_0)
FNDA:1,(anonymous_1)
FNDA:2,(anonymous_2)
FNDA:1,(anonymous_3)
FNDA:9,(anonymous_4)
DA:12,5
DA:13,5
DA:14,5
DA:17,5
DA:18,5
DA:19,5
DA:22,1
DA:23,2
DA:24,1
DA:27,9
DA:47,9
DA:49,9
DA:50,1
DA:59,9
DA:60,1
DA:63,9
DA:64,2
DA:65,2
DA:79,9
DA:83,1
LF:20
LH:20
BRDA:23,0,0,2
BRDA:23,0,1,0
BRDA:49,1,0,1
BRDA:49,1,1,8
BRDA:59,2,0,1
BRDA:59,2,1,8
BRDA:60,3,0,1
BRDA:60,3,1,0
BRDA:63,4,0,2
BRDA:63,4,1,7
BRDA:63,5,0,9
BRDA:63,5,1,2
BRDA:70,6,0,2
BRDA:70,6,1,1
BRDA:71,7,0,2
BRDA:71,7,1,1
BRF:16
BRH:14
end_of_record
